<?xml version="1.0" encoding="UTF-8"?>
<!-- Generated by org.testng.reporters.JUnitReportReporter -->
<testsuite hostname="E4ML14565" failures="0" tests="2" name="testcases.HomePageTest" time="20.258" errors="0" timestamp="2020-01-31T23:15:10 CST" skipped="0">
  <testcase classname="testcases.HomePageTest" name="validateHomePageTitleTest" time="9.444"/>
  <system-out/>
  <testcase classname="testcases.HomePageTest" name="ValidateLogoImageTest" time="10.814"/>
  <system-out/>
</testsuite> <!-- testcases.HomePageTest -->
