<?xml version="1.0" encoding="UTF-8"?>
<!-- Generated by org.testng.reporters.JUnitReportReporter -->
<testsuite skipped="0" hostname="azstorageexp" name="testcases.PurchaseProductTest" tests="2" failures="0" timestamp="2020-01-30T21:27:40 UTC" time="14.368" errors="0">
  <testcase name="VerifyPurchaseProductTest" time="6.460" classname="testcases.PurchaseProductTest"/>
  <system-out/>
  <testcase name="VerifyPurchaseProductTest" time="7.908" classname="testcases.PurchaseProductTest"/>
  <system-out/>
</testsuite> <!-- testcases.PurchaseProductTest -->
