<?xml version="1.0" encoding="UTF-8"?>
<!-- Generated by org.testng.reporters.JUnitReportReporter -->
<testsuite skipped="0" hostname="azstorageexp" name="testcases_RestAssured.GetAllProducts" tests="1" failures="0" timestamp="2020-02-02T14:23:08 CST" time="1.480" errors="0">
  <testcase name="getAllProductTest" time="1.480" classname="testcases_RestAssured.GetAllProducts"/>
  <system-out/>
</testsuite> <!-- testcases_RestAssured.GetAllProducts -->
