<?xml version="1.0" encoding="UTF-8"?>
<!-- Generated by org.testng.reporters.JUnitReportReporter -->
<testsuite hostname="E4ML14565" failures="0" tests="3" name="testcases.HomePageTest" time="29.874" errors="0" timestamp="2020-01-20T22:05:02 CST" skipped="0">
  <testcase classname="testcases.HomePageTest" name="validateHomePageTitleTest" time="10.215"/>
  <system-out/>
  <testcase classname="testcases.HomePageTest" name="ValidateLogoImageTest" time="10.117"/>
  <system-out/>
  <testcase classname="testcases.HomePageTest" name="verifyclickSignInTest" time="9.542"/>
  <system-out/>
</testsuite> <!-- testcases.HomePageTest -->
