<?xml version="1.0" encoding="UTF-8"?>
<!-- Generated by org.testng.reporters.JUnitReportReporter -->
<testsuite skipped="0" hostname="azstorageexp" name="testcases.LoginPageTest" tests="3" failures="0" timestamp="2020-01-30T21:02:37 UTC" time="15.735" errors="0">
  <testcase name="getSignInPagetext" time="5.135" classname="testcases.LoginPageTest"/>
  <system-out/>
  <testcase name="logIntoAccount" time="5.473" classname="testcases.LoginPageTest"/>
  <system-out/>
  <testcase name="logIntoAccount" time="5.127" classname="testcases.LoginPageTest"/>
  <system-out/>
</testsuite> <!-- testcases.LoginPageTest -->
