<?xml version="1.0" encoding="UTF-8"?>
<!-- Generated by org.testng.reporters.JUnitReportReporter -->
<testsuite skipped="0" hostname="azstorageexp" name="testcases_RestAssured.AddProduct" tests="1" failures="0" timestamp="2020-02-02T14:23:08 CST" time="0.133" errors="0">
  <testcase name="addProductTest" time="0.133" classname="testcases_RestAssured.AddProduct"/>
  <system-out/>
</testsuite> <!-- testcases_RestAssured.AddProduct -->
