<?xml version="1.0" encoding="UTF-8"?>
<!-- Generated by org.testng.reporters.JUnitReportReporter -->
<testsuite hostname="E4ML14565" failures="0" tests="3" name="testcases.HomePageTest" time="27.531" errors="0" timestamp="2020-01-30T21:11:35 CST" skipped="0">
  <testcase classname="testcases.HomePageTest" name="validateHomePageTitleTest" time="9.867"/>
  <system-out/>
  <testcase classname="testcases.HomePageTest" name="ValidateLogoImageTest" time="7.255"/>
  <system-out/>
  <testcase classname="testcases.HomePageTest" name="verifyclickSignInTest" time="10.409"/>
  <system-out/>
</testsuite> <!-- testcases.HomePageTest -->
