<?xml version="1.0" encoding="UTF-8"?>
<!-- Generated by org.testng.reporters.JUnitReportReporter -->
<testsuite hostname="E4ML14565" failures="0" tests="2" name="testcases.PurchaseProductTest" time="30.967" errors="0" timestamp="2020-01-30T21:11:35 CST" skipped="0">
  <testcase classname="testcases.PurchaseProductTest" name="VerifyPurchaseProductTest" time="16.053"/>
  <system-out/>
  <testcase classname="testcases.PurchaseProductTest" name="VerifyPurchaseProductTest" time="14.914"/>
  <system-out/>
</testsuite> <!-- testcases.PurchaseProductTest -->
