<?xml version="1.0" encoding="UTF-8"?>
<!-- Generated by org.testng.reporters.JUnitReportReporter -->
<testsuite skipped="0" hostname="azstorageexp" name="testcases.HomePageTest" tests="3" failures="0" timestamp="2020-01-22T04:13:54 UTC" time="16.464" errors="0">
  <testcase name="validateHomePageTitleTest" time="5.999" classname="testcases.HomePageTest"/>
  <system-out/>
  <testcase name="ValidateLogoImageTest" time="5.237" classname="testcases.HomePageTest"/>
  <system-out/>
  <testcase name="verifyclickSignInTest" time="5.228" classname="testcases.HomePageTest"/>
  <system-out/>
</testsuite> <!-- testcases.HomePageTest -->
