<?xml version="1.0" encoding="UTF-8"?>
<!-- Generated by org.testng.reporters.JUnitReportReporter -->
<testsuite skipped="0" hostname="azstorageexp" name="testcases.LoginPageTest" tests="3" failures="0" timestamp="2020-01-22T04:13:54 UTC" time="17.668" errors="0">
  <testcase name="getSignInPagetext" time="5.152" classname="testcases.LoginPageTest"/>
  <system-out/>
  <testcase name="logIntoAccount" time="6.081" classname="testcases.LoginPageTest"/>
  <system-out/>
  <testcase name="logIntoAccount" time="6.435" classname="testcases.LoginPageTest"/>
  <system-out/>
</testsuite> <!-- testcases.LoginPageTest -->
