<?xml version="1.0" encoding="UTF-8"?>
<!-- Generated by org.testng.reporters.JUnitReportReporter -->
<testsuite skipped="0" hostname="azstorageexp" name="testcases.HomePageTest" tests="3" failures="0" timestamp="2020-01-30T21:02:37 UTC" time="15.620" errors="0">
  <testcase name="validateHomePageTitleTest" time="5.649" classname="testcases.HomePageTest"/>
  <system-out/>
  <testcase name="ValidateLogoImageTest" time="5.037" classname="testcases.HomePageTest"/>
  <system-out/>
  <testcase name="verifyclickSignInTest" time="4.934" classname="testcases.HomePageTest"/>
  <system-out/>
</testsuite> <!-- testcases.HomePageTest -->
