<?xml version="1.0" encoding="UTF-8"?>
<!-- Generated by org.testng.reporters.JUnitReportReporter -->
<testsuite skipped="0" hostname="azstorageexp" name="testcases.LoginPageTest" tests="3" failures="0" timestamp="2020-01-22T23:50:11 UTC" time="17.103" errors="0">
  <testcase name="getSignInPagetext" time="5.101" classname="testcases.LoginPageTest"/>
  <system-out/>
  <testcase name="logIntoAccount" time="5.922" classname="testcases.LoginPageTest"/>
  <system-out/>
  <testcase name="logIntoAccount" time="6.080" classname="testcases.LoginPageTest"/>
  <system-out/>
</testsuite> <!-- testcases.LoginPageTest -->
