<?xml version="1.0" encoding="UTF-8"?>
<!-- Generated by org.testng.reporters.JUnitReportReporter -->
<testsuite skipped="0" hostname="azstorageexp" name="testcases_WebAutomation.HomePageTest" tests="2" failures="0" timestamp="2020-02-02T14:19:09 CST" time="9.007" errors="0">
  <testcase name="validateHomePageTitleTest" time="4.479" classname="testcases_WebAutomation.HomePageTest"/>
  <system-out/>
  <testcase name="ValidateLogoImageTest" time="4.528" classname="testcases_WebAutomation.HomePageTest"/>
  <system-out/>
</testsuite> <!-- testcases_WebAutomation.HomePageTest -->
